Using pre-set license

 COMMAND LINE ARGUMENTS:
/Applications/Unity/Hub/Editor/2020.3.11f1/Unity.app/Contents/MacOS/Unity
-adb2
-batchMode
-noUpm
-name
AssetImportWorker0
-projectPath
/Users/jg/Downloads/UnityTutorials-BehaviourTrees-master
-logFile
Logs/AssetImportWorker0.log
-srvPort
58991
Successfully changed project path to: /Users/jg/Downloads/UnityTutorials-BehaviourTrees-master
/Users/jg/Downloads/UnityTutorials-BehaviourTrees-master
Using Asset Import Pipeline V2.
Refreshing native plugins compatible for Editor in 22.46 ms, found 2 plugins.
Preloading 0 native plugins for Editor in 0.00 ms.
Initialize engine version: 2020.3.11f1 (99c7afb366b3)
[Subsystems] Discovering subsystems at path /Applications/Unity/Hub/Editor/2020.3.11f1/Unity.app/Contents/Resources/UnitySubsystems
[Subsystems] Discovering subsystems at path /Users/jg/Downloads/UnityTutorials-BehaviourTrees-master/Assets
GfxDevice: creating device client; threaded=0
2025-12-10 11:50:58.966 Unity[19568:14314909] (null) preferred device: Apple M3 (high power)
2025-12-10 11:50:58.966 Unity[19568:14314909] Metal devices available: 1
2025-12-10 11:50:58.966 Unity[19568:14314909] 0: Apple M3 (high power)
2025-12-10 11:50:58.966 Unity[19568:14314909] Using device Apple M3 (high power)
Initializing Metal device caps: Apple M3
Initialize mono
Mono path[0] = '/Applications/Unity/Hub/Editor/2020.3.11f1/Unity.app/Contents/Managed'
Mono path[1] = '/Applications/Unity/Hub/Editor/2020.3.11f1/Unity.app/Contents/MonoBleedingEdge/lib/mono/unityjit'
Mono config path = '/Applications/Unity/Hub/Editor/2020.3.11f1/Unity.app/Contents/MonoBleedingEdge/etc'
Using monoOptions --debugger-agent=transport=dt_socket,embedding=1,server=y,suspend=n,address=127.0.0.1:56568
Begin MonoManager ReloadAssembly
Registering precompiled unity dll's ...
Register platform support module: /Applications/Unity/Hub/Editor/2020.3.11f1/Unity.app/Contents/PlaybackEngines/MacStandaloneSupport/UnityEditor.OSXStandalone.Extensions.dll
Registered in 0.001721 seconds.
Native extension for OSXStandalone target not found
Refreshing native plugins compatible for Editor in 21.34 ms, found 2 plugins.
Preloading 0 native plugins for Editor in 0.00 ms.
Mono: successfully reloaded assembly
- Completed reload, in  1.175 seconds
Platform modules already initialized, skipping
Registering precompiled user dll's ...
Registered in 0.002740 seconds.
Begin MonoManager ReloadAssembly
Native extension for OSXStandalone target not found
Refreshing native plugins compatible for Editor in 0.25 ms, found 2 plugins.
Preloading 0 native plugins for Editor in 0.00 ms.
Mono: successfully reloaded assembly
- Completed reload, in  1.679 seconds
Platform modules already initialized, skipping
========================================================================
Worker process is ready to serve import requests
Launching external process: /Applications/Unity/Hub/Editor/2020.3.11f1/Unity.app/Contents/Tools/UnityShaderCompiler
Launched and connected shader compiler UnityShaderCompiler after 0.05 seconds
Refreshing native plugins compatible for Editor in 0.31 ms, found 2 plugins.
Preloading 0 native plugins for Editor in 0.00 ms.
Unloading 1558 Unused Serialized files (Serialized files now loaded: 0)
System memory in use before: 71.8 MB.
System memory in use after: 71.9 MB.

Unloading 17 unused Assets to reduce memory usage. Loaded Objects now: 1996.
Total: 1.219417 ms (FindLiveObjects: 0.098959 ms CreateObjectMapping: 0.018458 ms MarkObjects: 1.043292 ms  DeleteObjects: 0.058084 ms)

========================================================================
Received Import Request.
  path: Assets/Scenes/SampleScene.unity
  artifactKey: Guid(ba385848ea3fc492ab5835239daae2c3) Importer(815301076,1909f56bfc062723c751e8b465ee728b)
Start importing Assets/Scenes/SampleScene.unity using Guid(ba385848ea3fc492ab5835239daae2c3) Importer(815301076,1909f56bfc062723c751e8b465ee728b)  -> (artifact id: '562d701e4b3ef41800694040c9d18433') in 0.012362 seconds
  Import took 0.014352 seconds .

========================================================================
Received Prepare
Registering precompiled user dll's ...
Registered in 0.002709 seconds.
Begin MonoManager ReloadAssembly
Native extension for OSXStandalone target not found
Refreshing native plugins compatible for Editor in 0.24 ms, found 2 plugins.
Preloading 0 native plugins for Editor in 0.00 ms.
Mono: successfully reloaded assembly
- Completed reload, in  1.597 seconds
Platform modules already initialized, skipping
Refreshing native plugins compatible for Editor in 0.15 ms, found 2 plugins.
Preloading 0 native plugins for Editor in 0.00 ms.
Unloading 1547 Unused Serialized files (Serialized files now loaded: 0)
System memory in use before: 74.1 MB.
System memory in use after: 74.2 MB.

Unloading 12 unused Assets to reduce memory usage. Loaded Objects now: 1998.
Total: 1.104958 ms (FindLiveObjects: 0.095041 ms CreateObjectMapping: 0.019750 ms MarkObjects: 0.972125 ms  DeleteObjects: 0.017416 ms)

========================================================================
Received Import Request.
  Time since last request: 271.293040 seconds.
  path: Assets/Materials/Doodads/Crate.mat
  artifactKey: Guid(2043ad909aefa4c599c5a0d972840b79) Importer(815301076,1909f56bfc062723c751e8b465ee728b)
Start importing Assets/Materials/Doodads/Crate.mat using Guid(2043ad909aefa4c599c5a0d972840b79) Importer(815301076,1909f56bfc062723c751e8b465ee728b)  -> (artifact id: '2979945cd3841aece2f8c2a3e92513e4') in 0.677843 seconds
  Import took 0.680707 seconds .

========================================================================
Received Import Request.
  Time since last request: 0.000218 seconds.
  path: Assets/Materials/Doodads/Dirt.mat
  artifactKey: Guid(40af266504383478a86532bff106de13) Importer(815301076,1909f56bfc062723c751e8b465ee728b)
Start importing Assets/Materials/Doodads/Dirt.mat using Guid(40af266504383478a86532bff106de13) Importer(815301076,1909f56bfc062723c751e8b465ee728b)  -> (artifact id: '1ee98ae4d6261a769cc4445c9d2fcd03') in 0.009867 seconds
  Import took 0.011241 seconds .

========================================================================
Received Import Request.
  Time since last request: 0.000241 seconds.
  path: Assets/Materials/Doodads/Rocks.mat
  artifactKey: Guid(b81f2e00c45124169b747ba75ab35a7c) Importer(815301076,1909f56bfc062723c751e8b465ee728b)
Start importing Assets/Materials/Doodads/Rocks.mat using Guid(b81f2e00c45124169b747ba75ab35a7c) Importer(815301076,1909f56bfc062723c751e8b465ee728b)  -> (artifact id: '4ab291c838de09beef43b47a3956c0db') in 0.005760 seconds
  Import took 0.007481 seconds .

========================================================================
Received Import Request.
  Time since last request: 0.000147 seconds.
  path: Assets/Materials/Doodads/Wood.mat
  artifactKey: Guid(d7f1035f65d034ac0be3d55bb4c52a1a) Importer(815301076,1909f56bfc062723c751e8b465ee728b)
Start importing Assets/Materials/Doodads/Wood.mat using Guid(d7f1035f65d034ac0be3d55bb4c52a1a) Importer(815301076,1909f56bfc062723c751e8b465ee728b)  -> (artifact id: '1237fa46cca8862f7e8da38c358fb328') in 0.004721 seconds
  Import took 0.006097 seconds .

========================================================================
Received Import Request.
  Time since last request: 0.014027 seconds.
  path: Assets/Materials/Grounds/Tiles.mat
  artifactKey: Guid(c2464a7a835c04aaebe4a9ee3b0ddb21) Importer(815301076,1909f56bfc062723c751e8b465ee728b)
Start importing Assets/Materials/Grounds/Tiles.mat using Guid(c2464a7a835c04aaebe4a9ee3b0ddb21) Importer(815301076,1909f56bfc062723c751e8b465ee728b)  -> (artifact id: '0878e191dcfd8e3bde5f27e7e48a9dae') in 0.108363 seconds
  Import took 0.110238 seconds .

========================================================================
Received Prepare
Registering precompiled user dll's ...
Registered in 0.002669 seconds.
Begin MonoManager ReloadAssembly
Native extension for OSXStandalone target not found
Refreshing native plugins compatible for Editor in 0.25 ms, found 2 plugins.
Preloading 0 native plugins for Editor in 0.00 ms.
Mono: successfully reloaded assembly
- Completed reload, in  1.538 seconds
Platform modules already initialized, skipping
Refreshing native plugins compatible for Editor in 0.15 ms, found 2 plugins.
Preloading 0 native plugins for Editor in 0.00 ms.
Unloading 1547 Unused Serialized files (Serialized files now loaded: 0)
System memory in use before: 82.5 MB.
System memory in use after: 82.6 MB.

Unloading 12 unused Assets to reduce memory usage. Loaded Objects now: 2040.
Total: 1.044583 ms (FindLiveObjects: 0.084417 ms CreateObjectMapping: 0.018583 ms MarkObjects: 0.928625 ms  DeleteObjects: 0.012375 ms)

========================================================================
Received Import Request.
  Time since last request: 421.421131 seconds.
  path: Assets/Standard Assets/ParticleSystems/Materials/ParticleAfterburner.mat
  artifactKey: Guid(89ff19d667a6a5d4bb76df1fcb718402) Importer(815301076,1909f56bfc062723c751e8b465ee728b)
Start importing Assets/Standard Assets/ParticleSystems/Materials/ParticleAfterburner.mat using Guid(89ff19d667a6a5d4bb76df1fcb718402) Importer(815301076,1909f56bfc062723c751e8b465ee728b)  -> (artifact id: '9243e1e57862acf02a883ecd90e8fafb') in 0.215355 seconds
  Import took 0.229585 seconds .

========================================================================
Received Import Request.
  Time since last request: 0.006757 seconds.
  path: Assets/Standard Assets/ParticleSystems/Materials/ParticleSmokeMobile.mat
  artifactKey: Guid(473d6d3ec0d161b4a85e466c8c6da3fb) Importer(815301076,1909f56bfc062723c751e8b465ee728b)
Start importing Assets/Standard Assets/ParticleSystems/Materials/ParticleSmokeMobile.mat using Guid(473d6d3ec0d161b4a85e466c8c6da3fb) Importer(815301076,1909f56bfc062723c751e8b465ee728b)  -> (artifact id: 'df27ddfdb102a55a90f34fb0496ff901') in 0.024158 seconds
  Import took 0.026341 seconds .

========================================================================
Received Import Request.
  Time since last request: 0.000171 seconds.
  path: Assets/Standard Assets/ParticleSystems/Materials/ParticleSmokeBlack.mat
  artifactKey: Guid(fc626cffedc907848a7b47b87aa5e34f) Importer(815301076,1909f56bfc062723c751e8b465ee728b)
Start importing Assets/Standard Assets/ParticleSystems/Materials/ParticleSmokeBlack.mat using Guid(fc626cffedc907848a7b47b87aa5e34f) Importer(815301076,1909f56bfc062723c751e8b465ee728b)  -> (artifact id: '2a6eb3f2c4c71df702e0c44868efbef1') in 0.053469 seconds
  Import took 0.054949 seconds .

========================================================================
Received Import Request.
  Time since last request: 0.000211 seconds.
  path: Assets/Standard Assets/ParticleSystems/Materials/ParticleFlames.mat
  artifactKey: Guid(3bfa2f095c911d649bf4cb92a55ac974) Importer(815301076,1909f56bfc062723c751e8b465ee728b)
Start importing Assets/Standard Assets/ParticleSystems/Materials/ParticleFlames.mat using Guid(3bfa2f095c911d649bf4cb92a55ac974) Importer(815301076,1909f56bfc062723c751e8b465ee728b)  -> (artifact id: 'f4421e56e5c29f1c99ec5ab78e15f67c') in 0.007164 seconds
  Import took 0.008910 seconds .

========================================================================
Received Import Request.
  Time since last request: 0.000164 seconds.
  path: Assets/Standard Assets/ParticleSystems/Materials/ParticleSteam.mat
  artifactKey: Guid(60d4adad90a8b164abbb7d8ff5b4118a) Importer(815301076,1909f56bfc062723c751e8b465ee728b)
Start importing Assets/Standard Assets/ParticleSystems/Materials/ParticleSteam.mat using Guid(60d4adad90a8b164abbb7d8ff5b4118a) Importer(815301076,1909f56bfc062723c751e8b465ee728b)  -> (artifact id: '4c8932bf70849ab775b1bc05e30da59d') in 0.046223 seconds
  Import took 0.047640 seconds .

========================================================================
Received Import Request.
  Time since last request: 0.000186 seconds.
  path: Assets/Standard Assets/ParticleSystems/Materials/ParticleDuststorm.mat
  artifactKey: Guid(7911795df27dd464190eed77dda90191) Importer(815301076,1909f56bfc062723c751e8b465ee728b)
Start importing Assets/Standard Assets/ParticleSystems/Materials/ParticleDuststorm.mat using Guid(7911795df27dd464190eed77dda90191) Importer(815301076,1909f56bfc062723c751e8b465ee728b)  -> (artifact id: '865e6c3f24a3896637c0d927df23c29a') in 0.004533 seconds
  Import took 0.005929 seconds .

========================================================================
Received Import Request.
  Time since last request: 0.000149 seconds.
  path: Assets/Standard Assets/ParticleSystems/Materials/ParticleFirecloud.mat
  artifactKey: Guid(77d08210df254d845885518314593544) Importer(815301076,1909f56bfc062723c751e8b465ee728b)
Start importing Assets/Standard Assets/ParticleSystems/Materials/ParticleFirecloud.mat using Guid(77d08210df254d845885518314593544) Importer(815301076,1909f56bfc062723c751e8b465ee728b)  -> (artifact id: 'b8fad6377ca0f2a3abc3da83230e8601') in 0.009157 seconds
  Import took 0.010697 seconds .

========================================================================
Received Import Request.
  Time since last request: 0.000143 seconds.
  path: Assets/Standard Assets/ParticleSystems/Materials/ParticleWaterSpray.mat
  artifactKey: Guid(09a99b10658931c46a438c586a49ec65) Importer(815301076,1909f56bfc062723c751e8b465ee728b)
Start importing Assets/Standard Assets/ParticleSystems/Materials/ParticleWaterSpray.mat using Guid(09a99b10658931c46a438c586a49ec65) Importer(815301076,1909f56bfc062723c751e8b465ee728b)  -> (artifact id: 'e1dab892ddc952f6a18b000ae9da90ac') in 0.005214 seconds
  Import took 0.007059 seconds .

========================================================================
Received Import Request.
  Time since last request: 0.000187 seconds.
  path: Assets/Standard Assets/ParticleSystems/Materials/ParticleSteamMobile.mat
  artifactKey: Guid(ed1b89d39279f564ea077ad8e46f3595) Importer(815301076,1909f56bfc062723c751e8b465ee728b)
Start importing Assets/Standard Assets/ParticleSystems/Materials/ParticleSteamMobile.mat using Guid(ed1b89d39279f564ea077ad8e46f3595) Importer(815301076,1909f56bfc062723c751e8b465ee728b)  -> (artifact id: 'dc92e9ecb50cb3d37e259baf9a08b5c4') in 0.011464 seconds
  Import took 0.012928 seconds .

========================================================================
Received Import Request.
  Time since last request: 0.000143 seconds.
  path: Assets/Standard Assets/ParticleSystems/Materials/ParticleFlameLicks.mat
  artifactKey: Guid(30289309b0c21224ea5b6fcc73b07d59) Importer(815301076,1909f56bfc062723c751e8b465ee728b)
Start importing Assets/Standard Assets/ParticleSystems/Materials/ParticleFlameLicks.mat using Guid(30289309b0c21224ea5b6fcc73b07d59) Importer(815301076,1909f56bfc062723c751e8b465ee728b)  -> (artifact id: '58f368c956b897c5c3304fa9fa692c68') in 0.005590 seconds
  Import took 0.007279 seconds .

========================================================================
Received Import Request.
  Time since last request: 0.000191 seconds.
  path: Assets/Standard Assets/ParticleSystems/Materials/ParticleSmokeWhite.mat
  artifactKey: Guid(c50d77affeb31e14c9c062c282f13fc8) Importer(815301076,1909f56bfc062723c751e8b465ee728b)
Start importing Assets/Standard Assets/ParticleSystems/Materials/ParticleSmokeWhite.mat using Guid(c50d77affeb31e14c9c062c282f13fc8) Importer(815301076,1909f56bfc062723c751e8b465ee728b)  -> (artifact id: 'c7f1eb6f5f3911fca3edff9c0cd59a33') in 0.006770 seconds
  Import took 0.008200 seconds .

========================================================================
Received Import Request.
  Time since last request: 0.000170 seconds.
  path: Assets/Standard Assets/ParticleSystems/Materials/ParticleFirework.mat
  artifactKey: Guid(9f3080141f1f64197825663e067f94f8) Importer(815301076,1909f56bfc062723c751e8b465ee728b)
Start importing Assets/Standard Assets/ParticleSystems/Materials/ParticleFirework.mat using Guid(9f3080141f1f64197825663e067f94f8) Importer(815301076,1909f56bfc062723c751e8b465ee728b)  -> (artifact id: 'c560f16144c405481accd8a4e599eda6') in 0.006150 seconds
  Import took 0.007475 seconds .

========================================================================
Received Import Request.
  Time since last request: 0.000136 seconds.
  path: Assets/Standard Assets/ParticleSystems/Materials/ParticleSmokeVertlit.mat
  artifactKey: Guid(225843b6084e75440a6ea970a17c93aa) Importer(815301076,1909f56bfc062723c751e8b465ee728b)
Start importing Assets/Standard Assets/ParticleSystems/Materials/ParticleSmokeVertlit.mat using Guid(225843b6084e75440a6ea970a17c93aa) Importer(815301076,1909f56bfc062723c751e8b465ee728b)  -> (artifact id: 'b4041fc59e3ddc55b186add7eb09e116') in 0.056661 seconds
  Import took 0.058353 seconds .

========================================================================
Received Import Request.
  Time since last request: 0.000202 seconds.
  path: Assets/Standard Assets/ParticleSystems/Materials/ParticleFireball.mat
  artifactKey: Guid(26ea534dcd83fe14c9173a52e151cce8) Importer(815301076,1909f56bfc062723c751e8b465ee728b)
Start importing Assets/Standard Assets/ParticleSystems/Materials/ParticleFireball.mat using Guid(26ea534dcd83fe14c9173a52e151cce8) Importer(815301076,1909f56bfc062723c751e8b465ee728b)  -> (artifact id: 'b0508e6c92d172092fe45c020376a6f0') in 0.006564 seconds
  Import took 0.008356 seconds .

========================================================================
Received Import Request.
  Time since last request: 0.000196 seconds.
  path: Assets/Standard Assets/ParticleSystems/Materials/ParticleSpray.mat
  artifactKey: Guid(3062613153ea47f42a262f065fec69d1) Importer(815301076,1909f56bfc062723c751e8b465ee728b)
Start importing Assets/Standard Assets/ParticleSystems/Materials/ParticleSpray.mat using Guid(3062613153ea47f42a262f065fec69d1) Importer(815301076,1909f56bfc062723c751e8b465ee728b)  -> (artifact id: 'd0609d4befe5b1e313cf38eac2de4585') in 0.007360 seconds
  Import took 0.009005 seconds .

========================================================================
Received Import Request.
  Time since last request: 0.000135 seconds.
  path: Assets/Standard Assets/ParticleSystems/Materials/ParticleGlow.mat
  artifactKey: Guid(c10b1630d5621ec48a17223c3c102023) Importer(815301076,1909f56bfc062723c751e8b465ee728b)
Start importing Assets/Standard Assets/ParticleSystems/Materials/ParticleGlow.mat using Guid(c10b1630d5621ec48a17223c3c102023) Importer(815301076,1909f56bfc062723c751e8b465ee728b)  -> (artifact id: '1ab38d3d019b9e6d721555678c6a38ce') in 0.004730 seconds
  Import took 0.006411 seconds .

========================================================================
Received Import Request.
  Time since last request: 0.000191 seconds.
  path: Assets/Standard Assets/ParticleSystems/Materials/ParticleSpark.mat
  artifactKey: Guid(f63c576739a709747a1a571260d4fabd) Importer(815301076,1909f56bfc062723c751e8b465ee728b)
Start importing Assets/Standard Assets/ParticleSystems/Materials/ParticleSpark.mat using Guid(f63c576739a709747a1a571260d4fabd) Importer(815301076,1909f56bfc062723c751e8b465ee728b)  -> (artifact id: '7089740f434591d7660c2ee521b9d394') in 0.007791 seconds
  Import took 0.009371 seconds .

========================================================================
Received Import Request.
  Time since last request: 0.000177 seconds.
  path: Assets/Standard Assets/ParticleSystems/Materials/ParticleSplashes.mat
  artifactKey: Guid(ff6663d927968dc4482d24a8495316de) Importer(815301076,1909f56bfc062723c751e8b465ee728b)
Start importing Assets/Standard Assets/ParticleSystems/Materials/ParticleSplashes.mat using Guid(ff6663d927968dc4482d24a8495316de) Importer(815301076,1909f56bfc062723c751e8b465ee728b)  -> (artifact id: '9f9f31303f6cab22d8e20855d1665348') in 0.005680 seconds
  Import took 0.007858 seconds .

========================================================================
Received Import Request.
  Time since last request: 17.648131 seconds.
  path: Assets/Imports/Toon_RTS_demo/animations/WK_heavy_infantry_04_charge.FBX
  artifactKey: Guid(18c683f6167dbf84d91c818fa14a7e14) Importer(815301076,1909f56bfc062723c751e8b465ee728b)
Start importing Assets/Imports/Toon_RTS_demo/animations/WK_heavy_infantry_04_charge.FBX using Guid(18c683f6167dbf84d91c818fa14a7e14) Importer(815301076,1909f56bfc062723c751e8b465ee728b)  -> (artifact id: 'e0aefa3a9d07eced4bbaba3b21f1a2f0') in 2.206406 seconds
  Import took 2.209628 seconds .

========================================================================
Received Import Request.
  Time since last request: 0.000212 seconds.
  path: Assets/Imports/Toon_RTS_demo/animations/WK_heavy_infantry_05_combat_idle.FBX
  artifactKey: Guid(a9e82453b26b1e346962cadcba80556a) Importer(815301076,1909f56bfc062723c751e8b465ee728b)
Start importing Assets/Imports/Toon_RTS_demo/animations/WK_heavy_infantry_05_combat_idle.FBX using Guid(a9e82453b26b1e346962cadcba80556a) Importer(815301076,1909f56bfc062723c751e8b465ee728b)  -> (artifact id: '1329dc3286827a6d72dae94ac6494591') in 0.003544 seconds
  Import took 0.004819 seconds .

========================================================================
Received Import Request.
  Time since last request: 0.000154 seconds.
  path: Assets/Imports/Toon_RTS_demo/animations/WK_heavy_infantry_08_attack_B.FBX
  artifactKey: Guid(0932505f83189174e9405ca64f635505) Importer(815301076,1909f56bfc062723c751e8b465ee728b)
Start importing Assets/Imports/Toon_RTS_demo/animations/WK_heavy_infantry_08_attack_B.FBX using Guid(0932505f83189174e9405ca64f635505) Importer(815301076,1909f56bfc062723c751e8b465ee728b)  -> (artifact id: '6ad7c36633e4905b474e670fcd9cc4a3') in 0.003497 seconds
  Import took 0.005252 seconds .

========================================================================
Received Import Request.
  Time since last request: 0.000192 seconds.
  path: Assets/Imports/Toon_RTS_demo/animations/WK_heavy_infantry_06_combat_walk.FBX
  artifactKey: Guid(0cbd46aa8abdd9b409d3cfd4265bdd3f) Importer(815301076,1909f56bfc062723c751e8b465ee728b)
Start importing Assets/Imports/Toon_RTS_demo/animations/WK_heavy_infantry_06_combat_walk.FBX using Guid(0cbd46aa8abdd9b409d3cfd4265bdd3f) Importer(815301076,1909f56bfc062723c751e8b465ee728b)  -> (artifact id: '540888668f6a0e207061881418f36cfb') in 0.004480 seconds
  Import took 0.006356 seconds .

========================================================================
Received Import Request.
  Time since last request: 1.585421 seconds.
  path: Assets/Imports/Toon_RTS_demo/animations/anim_WK_heavy_infantry_04_charge.anim
  artifactKey: Guid(89f978a4e5e1e428f88f68ade2147a43) Importer(815301076,1909f56bfc062723c751e8b465ee728b)
Start importing Assets/Imports/Toon_RTS_demo/animations/anim_WK_heavy_infantry_04_charge.anim using Guid(89f978a4e5e1e428f88f68ade2147a43) Importer(815301076,1909f56bfc062723c751e8b465ee728b)  -> (artifact id: '0305719902a1826aaff7e644be236af3') in 0.062039 seconds
  Import took 0.064374 seconds .

========================================================================
Received Import Request.
  Time since last request: 1.979888 seconds.
  path: Assets/Imports/Toon_RTS_demo/animations/anim_WK_heavy_infantry_05_combat_idle.anim
  artifactKey: Guid(451e38ce7d0ea48c3ac79bf0f7890d1a) Importer(815301076,1909f56bfc062723c751e8b465ee728b)
Start importing Assets/Imports/Toon_RTS_demo/animations/anim_WK_heavy_infantry_05_combat_idle.anim using Guid(451e38ce7d0ea48c3ac79bf0f7890d1a) Importer(815301076,1909f56bfc062723c751e8b465ee728b)  -> (artifact id: 'ae9b352502bc90af7871be1602b5690a') in 0.005324 seconds
  Import took 0.007013 seconds .

========================================================================
Received Import Request.
  Time since last request: 2.264755 seconds.
  path: Assets/Imports/Toon_RTS_demo/models/ToonRTS_demo_Knight.FBX
  artifactKey: Guid(ba24e610e0a338545b447ff44a3cf1cc) Importer(815301076,1909f56bfc062723c751e8b465ee728b)
Start importing Assets/Imports/Toon_RTS_demo/models/ToonRTS_demo_Knight.FBX using Guid(ba24e610e0a338545b447ff44a3cf1cc) Importer(815301076,1909f56bfc062723c751e8b465ee728b)  -> (artifact id: 'fa85c2b0e0f8dde824e44c1088850948') in 0.214676 seconds
  Import took 0.217817 seconds .

========================================================================
Received Import Request.
  Time since last request: 3.863589 seconds.
  path: Assets/Imports/Skeletons_demo/animation/DS_onehand_attack_A.FBX
  artifactKey: Guid(68e3a50f30bb0c54e8ca5cfae6eea48d) Importer(815301076,1909f56bfc062723c751e8b465ee728b)
Start importing Assets/Imports/Skeletons_demo/animation/DS_onehand_attack_A.FBX using Guid(68e3a50f30bb0c54e8ca5cfae6eea48d) Importer(815301076,1909f56bfc062723c751e8b465ee728b)  -> (artifact id: '19070a4c9eb383fad5b7478f699e976e') in 0.006992 seconds
  Import took 0.010691 seconds .

========================================================================
Received Import Request.
  Time since last request: 0.000335 seconds.
  path: Assets/Imports/Skeletons_demo/animation/DS_onehand_idle_A.FBX
  artifactKey: Guid(f15c07c4bb03eeb48a7d2f8bfc519969) Importer(815301076,1909f56bfc062723c751e8b465ee728b)
Start importing Assets/Imports/Skeletons_demo/animation/DS_onehand_idle_A.FBX using Guid(f15c07c4bb03eeb48a7d2f8bfc519969) Importer(815301076,1909f56bfc062723c751e8b465ee728b)  -> (artifact id: '1feb04325ad7d27ad976f93343a331e1') in 0.004574 seconds
  Import took 0.006834 seconds .

========================================================================
Received Import Request.
  Time since last request: 0.000160 seconds.
  path: Assets/Imports/Skeletons_demo/animation/DS_onehand_walk.FBX
  artifactKey: Guid(272e84c6ff8fea340b19da71308f0475) Importer(815301076,1909f56bfc062723c751e8b465ee728b)
Start importing Assets/Imports/Skeletons_demo/animation/DS_onehand_walk.FBX using Guid(272e84c6ff8fea340b19da71308f0475) Importer(815301076,1909f56bfc062723c751e8b465ee728b)  -> (artifact id: 'ac994d58f1ff74f0ec13f8c994b0da35') in 0.004520 seconds
  Import took 0.006462 seconds .

========================================================================
Received Import Request.
  Time since last request: 129.374732 seconds.
  path: Assets/Imports/Skeletons_demo/animation/anim_DS_onehand_attack_A.anim
  artifactKey: Guid(780aab2b99d374ce9ac0502efc2f3cb0) Importer(815301076,1909f56bfc062723c751e8b465ee728b)
Start importing Assets/Imports/Skeletons_demo/animation/anim_DS_onehand_attack_A.anim using Guid(780aab2b99d374ce9ac0502efc2f3cb0) Importer(815301076,1909f56bfc062723c751e8b465ee728b)  -> (artifact id: 'e0bc7b9dd5002f2d795092d8b09b2fa0') in 0.009258 seconds
  Import took 0.016974 seconds .

========================================================================
Received Import Request.
  Time since last request: 2.889309 seconds.
  path: Assets/Imports/Skeletons_demo/animation/anim_DS_onehand_idle_A.anim
  artifactKey: Guid(087943d728c3d4e718c59f6d93bc9807) Importer(815301076,1909f56bfc062723c751e8b465ee728b)
Start importing Assets/Imports/Skeletons_demo/animation/anim_DS_onehand_idle_A.anim using Guid(087943d728c3d4e718c59f6d93bc9807) Importer(815301076,1909f56bfc062723c751e8b465ee728b)  -> (artifact id: '6c42420b25c04941ceaad6f585cc023e') in 0.008934 seconds
  Import took 0.011755 seconds .

========================================================================
Received Prepare
Registering precompiled user dll's ...
Registered in 0.003660 seconds.
Begin MonoManager ReloadAssembly
Native extension for OSXStandalone target not found
Refreshing native plugins compatible for Editor in 0.25 ms, found 2 plugins.
Preloading 0 native plugins for Editor in 0.00 ms.
Mono: successfully reloaded assembly
- Completed reload, in  1.765 seconds
Platform modules already initialized, skipping
Refreshing native plugins compatible for Editor in 0.26 ms, found 2 plugins.
Preloading 0 native plugins for Editor in 0.00 ms.
Unloading 1547 Unused Serialized files (Serialized files now loaded: 0)
System memory in use before: 107.1 MB.
System memory in use after: 107.2 MB.

Unloading 13 unused Assets to reduce memory usage. Loaded Objects now: 2051.
Total: 1.253625 ms (FindLiveObjects: 0.110708 ms CreateObjectMapping: 0.022000 ms MarkObjects: 1.089000 ms  DeleteObjects: 0.031375 ms)

